Build started 23.11.2012 15:09:53.
     1>Project "C:\Users\SomeOne\documents\visual studio 11\Projects\Project1\Project1\Project1.vcxproj" on node 2 (Build target(s)).
         C:\Program Files (x86)\Microsoft Visual Studio 11.0\VC\bin\CL.exe /c /ZI /nologo /W3 /WX- /Od /Oy- /D _MBCS /Gm /EHsc /RTC1 /MDd /GS /fp:precise /Zc:wchar_t /Zc:forScope /Fo"Debug\\" /Fd"Debug\vc110.pdb" /Gd /TP /analyze- /errorReport:prompt main.cpp
         main.cpp
     1>c:\users\someone\documents\visual studio 11\projects\project1\project1\scene.h(25): warning C4018: '<' : signed/unsigned mismatch
     1>c:\users\someone\documents\visual studio 11\projects\project1\project1\scene.h(159): warning C4018: '<' : signed/unsigned mismatch
     1>c:\users\someone\documents\visual studio 11\projects\project1\project1\scene.h(186): warning C4244: 'argument' : conversion from 'GLdouble' to 'const float', possible loss of data
     1>c:\users\someone\documents\visual studio 11\projects\project1\project1\scene.h(174): warning C4101: 'winZ' : unreferenced local variable
     1>c:\users\someone\documents\visual studio 11\projects\project1\project1\scene.h(213): warning C4244: 'argument' : conversion from 'GLdouble' to 'const float', possible loss of data
     1>c:\users\someone\documents\visual studio 11\projects\project1\project1\scene.h(221): warning C4018: '<' : signed/unsigned mismatch
     1>c:\users\someone\documents\visual studio 11\projects\project1\project1\scene.h(231): warning C4018: '<' : signed/unsigned mismatch
     1>c:\users\someone\documents\visual studio 11\projects\project1\project1\main.cpp(53): warning C4244: 'argument' : conversion from 'int' to 'GLfloat', possible loss of data
     1>c:\users\someone\documents\visual studio 11\projects\project1\project1\main.cpp(54): warning C4244: 'argument' : conversion from 'int' to 'GLfloat', possible loss of data
     1>c:\users\someone\documents\visual studio 11\projects\project1\project1\main.cpp(56): warning C4244: 'argument' : conversion from 'int' to 'GLfloat', possible loss of data
     1>c:\users\someone\documents\visual studio 11\projects\project1\project1\main.cpp(57): warning C4244: 'argument' : conversion from 'int' to 'GLfloat', possible loss of data
     1>c:\users\someone\documents\visual studio 11\projects\project1\project1\main.cpp(61): warning C4018: '<' : signed/unsigned mismatch
     1>c:\users\someone\documents\visual studio 11\projects\project1\project1\main.cpp(77): warning C4996: 'sprintf': This function or variable may be unsafe. Consider using sprintf_s instead. To disable deprecation, use _CRT_SECURE_NO_WARNINGS. See online help for details.
                 c:\program files (x86)\microsoft visual studio 11.0\vc\include\stdio.h(357) : see declaration of 'sprintf'
     1>c:\users\someone\documents\visual studio 11\projects\project1\project1\main.cpp(149): warning C4244: 'argument' : conversion from 'float' to 'GLint', possible loss of data
     1>c:\users\someone\documents\visual studio 11\projects\project1\project1\main.cpp(162): warning C4244: 'argument' : conversion from 'double' to 'const float', possible loss of data
     1>c:\users\someone\documents\visual studio 11\projects\project1\project1\main.cpp(166): warning C4244: 'argument' : conversion from 'double' to 'const float', possible loss of data
     1>c:\users\someone\documents\visual studio 11\projects\project1\project1\main.cpp(209): warning C4244: 'initializing' : conversion from 'double' to 'float', possible loss of data
     1>c:\users\someone\documents\visual studio 11\projects\project1\project1\main.cpp(260): warning C4244: 'argument' : conversion from 'double' to 'const float', possible loss of data
     1>c:\users\someone\documents\visual studio 11\projects\project1\project1\main.cpp(263): warning C4244: 'argument' : conversion from 'double' to 'const float', possible loss of data
     1>c:\users\someone\documents\visual studio 11\projects\project1\project1\main.cpp(266): warning C4244: 'argument' : conversion from 'double' to 'const float', possible loss of data
     1>c:\users\someone\documents\visual studio 11\projects\project1\project1\main.cpp(269): warning C4244: 'argument' : conversion from 'double' to 'const float', possible loss of data
     1>c:\users\someone\documents\visual studio 11\projects\project1\project1\main.cpp(304): warning C4244: 'argument' : conversion from 'int' to 'const float', possible loss of data
     1>c:\users\someone\documents\visual studio 11\projects\project1\project1\vector3.h(204): warning C4244: '*=' : conversion from 'double' to 'float', possible loss of data
                 c:\users\someone\documents\visual studio 11\projects\project1\project1\vector3.h(198) : while compiling class template member function 'double Vector3<Type>::normalize(void)'
                 with
                 [
                     Type=float
                 ]
                 c:\users\someone\documents\visual studio 11\projects\project1\project1\scenenode.h(31) : see reference to class template instantiation 'Vector3<Type>' being compiled
                 with
                 [
                     Type=float
                 ]
     1>c:\users\someone\documents\visual studio 11\projects\project1\project1\vector3.h(154): warning C4800: 'const double' : forcing value to bool 'true' or 'false' (performance warning)
                 c:\users\someone\documents\visual studio 11\projects\project1\project1\vector3.h(154) : while compiling class template member function 'void Vector3<Type>::x(const double)'
                 with
                 [
                     Type=bool
                 ]
                 c:\users\someone\documents\visual studio 11\projects\project1\project1\scene.h(276) : see reference to class template instantiation 'Vector3<Type>' being compiled
                 with
                 [
                     Type=bool
                 ]
     1>c:\users\someone\documents\visual studio 11\projects\project1\project1\vector3.h(155): warning C4800: 'const double' : forcing value to bool 'true' or 'false' (performance warning)
                 c:\users\someone\documents\visual studio 11\projects\project1\project1\vector3.h(155) : while compiling class template member function 'void Vector3<Type>::y(const double)'
                 with
                 [
                     Type=bool
                 ]
     1>c:\users\someone\documents\visual studio 11\projects\project1\project1\vector3.h(156): warning C4800: 'const double' : forcing value to bool 'true' or 'false' (performance warning)
                 c:\users\someone\documents\visual studio 11\projects\project1\project1\vector3.h(156) : while compiling class template member function 'void Vector3<Type>::z(const double)'
                 with
                 [
                     Type=bool
                 ]
         C:\Program Files (x86)\Microsoft Visual Studio 11.0\VC\bin\link.exe /ERRORREPORT:PROMPT /OUT:"C:\Users\SomeOne\documents\visual studio 11\Projects\Project1\Debug\Project1.exe" /INCREMENTAL /NOLOGO kernel32.lib user32.lib gdi32.lib winspool.lib comdlg32.lib advapi32.lib shell32.lib ole32.lib oleaut32.lib uuid.lib odbc32.lib odbccp32.lib /MANIFEST /ManifestFile:"Debug\Project1.exe.intermediate.manifest" /MANIFESTUAC:"level='asInvoker' uiAccess='false'" /DEBUG /PDB:"C:\Users\SomeOne\documents\visual studio 11\Projects\Project1\Debug\Project1.pdb" /TLBID:1 /DYNAMICBASE /NXCOMPAT /IMPLIB:"C:\Users\SomeOne\documents\visual studio 11\Projects\Project1\Debug\Project1.lib" /MACHINE:X86 Debug\main.obj
         Debug\Project1.exe.embed.manifest.res
         C:\Program Files (x86)\Windows Kits\8.0\bin\x86\mt.exe /nologo /verbose /out:"Debug\Project1.exe.embed.manifest" /manifest Debug\Project1.exe.intermediate.manifest
         Project1.vcxproj -> C:\Users\SomeOne\documents\visual studio 11\Projects\Project1\Debug\Project1.exe
     1>Done Building Project "C:\Users\SomeOne\documents\visual studio 11\Projects\Project1\Project1\Project1.vcxproj" (Build target(s)).

Build succeeded.

Time Elapsed 00:00:03.55
